C51 COMPILER V9.54   GPIOO                                                                 12/14/2019 20:59:40 PAGE 1   


C51 COMPILER V9.54, COMPILATION OF MODULE GPIOO
OBJECT MODULE PLACED IN .\Objects\Gpioo.obj
COMPILER INVOKED BY: F:\keil\C51\BIN\C51.EXE BSP\Gpioo.c OPTIMIZE(8,SPEED) BROWSE DEBUG OBJECTEXTEND PRINT(.\Listings\Gp
                    -ioo.lst) TABS(2) OBJECT(.\Objects\Gpioo.obj)

line level    source

   1          
   2          /*------------------------------------------------------------------*/
   3          /* --- STC MCU International Limited -------------------------------*/
   4          /* --- STC 1T Series MCU RC Demo -----------------------------------*/
   5          /* --- Mobile: (86)13922805190 -------------------------------------*/
   6          /* --- Fax: 86-0513-55012956,55012947,55012969 ---------------------*/
   7          /* --- Tel: 86-0513-55012928,55012929,55012966 ---------------------*/
   8          /* --- Web: www.GXWMCU.com -----------------------------------------*/
   9          /* --- QQ:  800003751 ----------------------------------------------*/
  10          /* If you want to use the program or the program referenced in the  */
  11          /* article, please specify in which data and procedures from STC    */
  12          /*------------------------------------------------------------------*/
  13          
  14          /*************  ????  **************
  15          
  16          ????STC15xxx??????????,?????????????.
  17          
  18          
  19          ******************************************/
  20          
  21          #include  "GPIO.h"
*** ERROR C141 IN LINE 45 OF BSP\GPIO.h: syntax error near 'u8'
*** ERROR C129 IN LINE 45 OF BSP\GPIO.h: missing ';' before 'Mode'
  22          
  23          
  24          //========================================================================
  25          // ??: u8 GPIO_Inilize(u8 GPIO, GPIO_InitTypeDef *GPIOx)
  26          // ??: ???IO?.
  27          // ??: GPIOx: ????,???timer.h????.
  28          // ??: ????0, ?????1,????2.
  29          // ??: V1.0, 2012-10-22
  30          //========================================================================
  31          u8  GPIO_Inilize(u8 GPIO, GPIO_InitTypeDef *GPIOx)
  32          {
  33            if(GPIO > GPIO_P5)        return 1; //???
  34            if(GPIOx->Mode > GPIO_OUT_PP) return 2; //??
  35            if(GPIO == GPIO_P0)
  36            {
  37              if(GPIOx->Mode == GPIO_PullUp)    P0M1 &= ~GPIOx->Pin,  P0M0 &= ~GPIOx->Pin;   //??????
  38              if(GPIOx->Mode == GPIO_HighZ)   P0M1 |=  GPIOx->Pin,  P0M0 &= ~GPIOx->Pin;   //????
  39              if(GPIOx->Mode == GPIO_OUT_OD)    P0M1 |=  GPIOx->Pin,  P0M0 |=  GPIOx->Pin;   //????
  40              if(GPIOx->Mode == GPIO_OUT_PP)    P0M1 &= ~GPIOx->Pin,  P0M0 |=  GPIOx->Pin;   //????
  41            }
  42            if(GPIO == GPIO_P1)
  43            {
  44              if(GPIOx->Mode == GPIO_PullUp)    P1M1 &= ~GPIOx->Pin,  P1M0 &= ~GPIOx->Pin;   //??????
  45              if(GPIOx->Mode == GPIO_HighZ)   P1M1 |=  GPIOx->Pin,  P1M0 &= ~GPIOx->Pin;   //????
  46              if(GPIOx->Mode == GPIO_OUT_OD)    P1M1 |=  GPIOx->Pin,  P1M0 |=  GPIOx->Pin;   //????
  47              if(GPIOx->Mode == GPIO_OUT_PP)    P1M1 &= ~GPIOx->Pin,  P1M0 |=  GPIOx->Pin;   //????
  48            }
  49            if(GPIO == GPIO_P2)
  50            {
  51              if(GPIOx->Mode == GPIO_PullUp)    P2M1 &= ~GPIOx->Pin,  P2M0 &= ~GPIOx->Pin;   //??????
  52              if(GPIOx->Mode == GPIO_HighZ)   P2M1 |=  GPIOx->Pin,  P2M0 &= ~GPIOx->Pin;   //????
C51 COMPILER V9.54   GPIOO                                                                 12/14/2019 20:59:40 PAGE 2   

  53              if(GPIOx->Mode == GPIO_OUT_OD)    P2M1 |=  GPIOx->Pin,  P2M0 |=  GPIOx->Pin;   //????
  54              if(GPIOx->Mode == GPIO_OUT_PP)    P2M1 &= ~GPIOx->Pin,  P2M0 |=  GPIOx->Pin;   //????
  55            }
  56            if(GPIO == GPIO_P3)
  57            {
  58              if(GPIOx->Mode == GPIO_PullUp)    P3M1 &= ~GPIOx->Pin,  P3M0 &= ~GPIOx->Pin;   //??????
  59              if(GPIOx->Mode == GPIO_HighZ)   P3M1 |=  GPIOx->Pin,  P3M0 &= ~GPIOx->Pin;   //????
  60              if(GPIOx->Mode == GPIO_OUT_OD)    P3M1 |=  GPIOx->Pin,  P3M0 |=  GPIOx->Pin;   //????
  61              if(GPIOx->Mode == GPIO_OUT_PP)    P3M1 &= ~GPIOx->Pin,  P3M0 |=  GPIOx->Pin;   //????
  62            }
  63            if(GPIO == GPIO_P4)
  64            {
  65              if(GPIOx->Mode == GPIO_PullUp)    P4M1 &= ~GPIOx->Pin,  P4M0 &= ~GPIOx->Pin;   //??????
  66              if(GPIOx->Mode == GPIO_HighZ)   P4M1 |=  GPIOx->Pin,  P4M0 &= ~GPIOx->Pin;   //????
  67              if(GPIOx->Mode == GPIO_OUT_OD)    P4M1 |=  GPIOx->Pin,  P4M0 |=  GPIOx->Pin;   //????
  68              if(GPIOx->Mode == GPIO_OUT_PP)    P4M1 &= ~GPIOx->Pin,  P4M0 |=  GPIOx->Pin;   //????
  69            }
  70            if(GPIO == GPIO_P5)
  71            {
  72              if(GPIOx->Mode == GPIO_PullUp)    P5M1 &= ~GPIOx->Pin,  P5M0 &= ~GPIOx->Pin;   //??????
  73              if(GPIOx->Mode == GPIO_HighZ)   P5M1 |=  GPIOx->Pin,  P5M0 &= ~GPIOx->Pin;   //????
  74              if(GPIOx->Mode == GPIO_OUT_OD)    P5M1 |=  GPIOx->Pin,  P5M0 |=  GPIOx->Pin;   //????
  75              if(GPIOx->Mode == GPIO_OUT_PP)    P5M1 &= ~GPIOx->Pin,  P5M0 |=  GPIOx->Pin;   //????
  76            }
  77            return 0; //??
  78          }

C51 COMPILATION COMPLETE.  0 WARNING(S),  2 ERROR(S)
