C51 COMPILER V9.54   MIAN                                                                  12/17/2019 09:54:05 PAGE 1   


C51 COMPILER V9.54, COMPILATION OF MODULE MIAN
OBJECT MODULE PLACED IN .\Objects\mian.obj
COMPILER INVOKED BY: F:\keil\C51\BIN\C51.EXE mian.c OPTIMIZE(8,SPEED) BROWSE INCDIR(.\BSP) DEBUG OBJECTEXTEND PRINT(.\Li
                    -stings\mian.lst) TABS(2) OBJECT(.\Objects\mian.obj)

line level    source

   1          
   2          /*------------------------------------------------------------------*/
   3          /* --- STC MCU International Limited -------------------------------*/
   4          /* --- STC 1T Series MCU RC Demo -----------------------------------*/
   5          /* --- Mobile: (86)13922805190 -------------------------------------*/
   6          /* --- Fax: 86-0513-55012956,55012947,55012969 ---------------------*/
   7          /* --- Tel: 86-0513-55012928,55012929,55012966 ---------------------*/
   8          /* --- Web: www.GXWMCU.com -----------------------------------------*/
   9          /* --- QQ:  800003751 ----------------------------------------------*/
  10          /* If you want to use the program or the program referenced in the  */
  11          /* article, please specify in which data and procedures from STC    */
  12          /*------------------------------------------------------------------*/
  13          
  14          
  15          #include  "config.h"
  16          #include  "GPIO.h"
  17          #include  "delay.h"
  18          #include  "Nixietube.h"
  19          
  20          /*************  功能说明  **************
  21          
  22            本程序演示单个数码管的静态显示
  23          
  24          ******************************************/
  25          
  26          /*************  本地常量声明  **************/
  27          
  28          
  29          /*************  本地变量声明  **************/
  30          
  31          
  32          /*************  本地函数声明  **************/
  33          
  34          
  35          
  36          /*************  外部函数和变量声明 *****************/
  37          
  38          #define Smg_A   10  //数码管显示 A
  39          #define Smg_B   11  //数码管显示 B
  40          #define Smg_C   12  //数码管显示 C
  41          #define Smg_D   13  //数码管显示 D
  42          #define Smg_E   14  //数码管显示 E
  43          #define Smg_F   15  //数码管显示 F
  44          #define Smg_empty   17  //数码管不显示
  45          
  46          
  47          /******************** IO配置函数 **************************/
  48          void  GPIO_config(void)
  49          {
  50   1        GPIO_InitTypeDef  GPIO_InitStructure;   //结构定义
  51   1        GPIO_InitStructure.Pin  = GPIO_Pin_All;   //指定要初始化的IO, GPIO_Pin_0 ~ GPIO_Pin_7, 或操作
  52   1        GPIO_InitStructure.Mode = GPIO_OUT_PP;    //指定IO的输入输出方式,GPIO_PullUp,GPIO_HighZ,GPIO_OUT_OD,GPIO_OU
             -T_PP
  53   1        GPIO_Inilize(GPIO_P0,&GPIO_InitStructure);  //初始化
C51 COMPILER V9.54   MIAN                                                                  12/17/2019 09:54:05 PAGE 2   

  54   1      }
  55          
  56          
  57          
  58          /******************** 主函数 **************************/
  59          void main(void)
  60          {
  61   1        //u8  i,tmp;
  62   1        
  63   1        GPIO_config();
  64   1        
  65   1      
  66   1        while(1)
  67   1        {
  68   2          /**********逐个点亮数码管字段************/
  69   2      //    P0 = 0x01;
  70   2      //    delay_ms(1000);
  71   2      //    delay_ms(1000);
  72   2      //    P0 = 0x02;
  73   2      //    delay_ms(1000);
  74   2      //    delay_ms(1000);
  75   2      //    P0 = 0x04;
  76   2      //    delay_ms(1000);
  77   2      //    delay_ms(1000);
  78   2      //    P0 = 0x08;
  79   2      //    delay_ms(1000);
  80   2      //    delay_ms(1000);
  81   2      //    P0 = 0x10;
  82   2      //    delay_ms(1000);
  83   2      //    delay_ms(1000);
  84   2      //    P0 = 0x20;
  85   2      //    delay_ms(1000);
  86   2      //    delay_ms(1000);
  87   2      //    P0 = 0x40;
  88   2      //    delay_ms(1000);
  89   2      //    delay_ms(1000);
  90   2      //    P0 = 0x80;
  91   2      //    delay_ms(1000);
  92   2      //    delay_ms(1000);
  93   2      /**************1~9顺序显示**************/
  94   2          Smg_display(1);
  95   2          delay_ms(2000);
  96   2          Smg_display(2);
  97   2          delay_ms(2000);
  98   2          Smg_display(Smg_A);
  99   2          delay_ms(4000);
 100   2          Smg_display(Smg_B);
 101   2          delay_ms(4000);
 102   2          Smg_display(Smg_C);
 103   2          delay_ms(4000);
 104   2          Smg_display(Smg_D);
 105   2          delay_ms(4000);
 106   2          Smg_display(Smg_E);
 107   2          delay_ms(4000);
 108   2          Smg_display(Smg_F);
 109   2          delay_ms(4000);
 110   2          Smg_display(Smg_empty);
 111   2          delay_ms(4000);
 112   2          
 113   2        }
 114   1        
 115   1      }
C51 COMPILER V9.54   MIAN                                                                  12/17/2019 09:54:05 PAGE 3   

 116          
 117          
 118          
 119          


MODULE INFORMATION:   STATIC OVERLAYABLE
   CODE SIZE        =    112    ----
   CONSTANT SIZE    =   ----    ----
   XDATA SIZE       =   ----    ----
   PDATA SIZE       =   ----    ----
   DATA SIZE        =   ----       2
   IDATA SIZE       =   ----    ----
   BIT SIZE         =   ----    ----
END OF MODULE INFORMATION.


C51 COMPILATION COMPLETE.  0 WARNING(S),  0 ERROR(S)
