C51 COMPILER V9.54   NIXIETUBE                                                             12/17/2019 09:53:39 PAGE 1   


C51 COMPILER V9.54, COMPILATION OF MODULE NIXIETUBE
OBJECT MODULE PLACED IN .\Objects\Nixietube.obj
COMPILER INVOKED BY: F:\keil\C51\BIN\C51.EXE ..\..\BSP\Nixietube.c OPTIMIZE(8,SPEED) BROWSE INCDIR(.\BSP) DEBUG OBJECTEX
                    -TEND PRINT(.\Listings\Nixietube.lst) TABS(2) OBJECT(.\Objects\Nixietube.obj)

line level    source

   1          /*---------------------------------------*/
   2          /*-------------数码管显示----------------*/
   3          /*-------------2019.12.16----------------*/
   4          /*----------------V1.0-------------------*/
   5          
   6          
   7          #include  "Nixietube.h"
   8          
   9          
  10          /*****************数码管字库******************************/
  11          /*****************请按照实际使用数码管类型选择************/
  12                       // 0    1    2    3    4    5    6    7    8    9    A    b    C    d    e    F    .    无
  13          u8 code smg[]={0x3f,0x06,0x5b,0x4f,0x66,0x6d,0x7d,0x07,0x7f,0x6f,0x77,0x7c,0x39,0x5e,0x79,0x71,0x80,0x00};
             -//共阴
  14          
  15          
  16                        // 0    1    2    3    4    5    6    7    8    9    A    b    C    d    e    F
  17          //u8 code smg[]={0xc0,0xf9,0xa4,0xb0,0x99,0x92,0x82,0xf8,0x80,0x90,0x88,0x83,0xc6,0xa1,0x86,0x8e};//共阳
  18          
  19          /*********************************************************/
  20          
  21          //========================================================================
  22          // 函数: void Smg_display(char date)
  23          // 描述: 一位七段数码管显示
  24          // 参数: date: 0~9数字 字母按照宏定义
  25          // 返回: 无
  26          // 版本: V1.0, 2019-12-16
  27          //========================================================================
  28          void Smg_display(char date)
  29          {
  30   1        P0 = smg[date];
  31   1      }


MODULE INFORMATION:   STATIC OVERLAYABLE
   CODE SIZE        =     20    ----
   CONSTANT SIZE    =     18    ----
   XDATA SIZE       =   ----    ----
   PDATA SIZE       =   ----    ----
   DATA SIZE        =   ----    ----
   IDATA SIZE       =   ----    ----
   BIT SIZE         =   ----    ----
END OF MODULE INFORMATION.


C51 COMPILATION COMPLETE.  0 WARNING(S),  0 ERROR(S)
